<?xml version="1.0" encoding="UTF-8"?>
<!-- Generated by org.testng.reporters.JUnitXMLReporter -->
<testsuite ignored="0" hostname="IN-D8MZ9K3" failures="1" tests="11" name="Test" time="38.77" errors="0" timestamp="2023-07-20T23:40:01 IST">
  <testcase classname="Runfile.greenkartRun" name="rungreencartfun" time="19.942"/>
  <testcase classname="Runfile.greenkartRun" name="CheckIncrementButton" time="0.172">
    <failure type="org.openqa.selenium.StaleElementReferenceException" message="stale element reference: stale element not found
  (Session info: chrome=114.0.5735.201)
For documentation on this error, please visit: https://www.selenium.dev/documentation/webdriver/troubleshooting/errors#stale-element-reference-exception
Build info: version: &amp;apos;4.10.0&amp;apos;, revision: &amp;apos;c14d967899&amp;apos;
System info: os.name: &amp;apos;Windows 11&amp;apos;, os.arch: &amp;apos;amd64&amp;apos;, os.version: &amp;apos;10.0&amp;apos;, java.version: &amp;apos;17.0.5&amp;apos;
Driver info: org.openqa.selenium.chrome.ChromeDriver
Command: [be8c3d3fc3e42aa7bae1776837d96927, clickElement {id=0E61B8214B75F56F1D1E58DB9B23ED3C_element_45}]
Capabilities {acceptInsecureCerts: false, browserName: chrome, browserVersion: 114.0.5735.201, chrome: {chromedriverVersion: 114.0.5735.90 (386bc09e8f4f..., userDataDir: C:\Users\SHUBHA~1\AppData\L...}, goog:chromeOptions: {debuggerAddress: localhost:64004}, networkConnectionEnabled: false, pageLoadStrategy: normal, platformName: windows, proxy: Proxy(), se:cdp: ws://localhost:64004/devtoo..., se:cdpVersion: 114.0.5735.201, setWindowRect: true, strictFileInteractability: false, timeouts: {implicit: 0, pageLoad: 300000, script: 30000}, unhandledPromptBehavior: dismiss and notify, webauthn:extension:credBlob: true, webauthn:extension:largeBlob: true, webauthn:extension:minPinLength: true, webauthn:extension:prf: true, webauthn:virtualAuthenticators: true}
Element: [[ChromeDriver: chrome on windows (be8c3d3fc3e42aa7bae1776837d96927)] -&amp;gt; xpath: //*[@id=&amp;quot;root&amp;quot;]/div/div[1]/div/div/div[2]/a[2]]
Session ID: be8c3d3fc3e42aa7bae1776837d96927">
      <![CDATA[org.openqa.selenium.StaleElementReferenceException: stale element reference: stale element not found
  (Session info: chrome=114.0.5735.201)
For documentation on this error, please visit: https://www.selenium.dev/documentation/webdriver/troubleshooting/errors#stale-element-reference-exception
Build info: version: '4.10.0', revision: 'c14d967899'
System info: os.name: 'Windows 11', os.arch: 'amd64', os.version: '10.0', java.version: '17.0.5'
Driver info: org.openqa.selenium.chrome.ChromeDriver
Command: [be8c3d3fc3e42aa7bae1776837d96927, clickElement {id=0E61B8214B75F56F1D1E58DB9B23ED3C_element_45}]
Capabilities {acceptInsecureCerts: false, browserName: chrome, browserVersion: 114.0.5735.201, chrome: {chromedriverVersion: 114.0.5735.90 (386bc09e8f4f..., userDataDir: C:\Users\SHUBHA~1\AppData\L...}, goog:chromeOptions: {debuggerAddress: localhost:64004}, networkConnectionEnabled: false, pageLoadStrategy: normal, platformName: windows, proxy: Proxy(), se:cdp: ws://localhost:64004/devtoo..., se:cdpVersion: 114.0.5735.201, setWindowRect: true, strictFileInteractability: false, timeouts: {implicit: 0, pageLoad: 300000, script: 30000}, unhandledPromptBehavior: dismiss and notify, webauthn:extension:credBlob: true, webauthn:extension:largeBlob: true, webauthn:extension:minPinLength: true, webauthn:extension:prf: true, webauthn:virtualAuthenticators: true}
Element: [[ChromeDriver: chrome on windows (be8c3d3fc3e42aa7bae1776837d96927)] -> xpath: //*[@id="root"]/div/div[1]/div/div/div[2]/a[2]]
Session ID: be8c3d3fc3e42aa7bae1776837d96927
at org.openqa.selenium.remote.codec.w3c.W3CHttpResponseCodec.createException(W3CHttpResponseCodec.java:199)
at org.openqa.selenium.remote.codec.w3c.W3CHttpResponseCodec.decode(W3CHttpResponseCodec.java:132)
at org.openqa.selenium.remote.codec.w3c.W3CHttpResponseCodec.decode(W3CHttpResponseCodec.java:51)
at org.openqa.selenium.remote.HttpCommandExecutor.execute(HttpCommandExecutor.java:191)
at org.openqa.selenium.remote.service.DriverCommandExecutor.invokeExecute(DriverCommandExecutor.java:196)
at org.openqa.selenium.remote.service.DriverCommandExecutor.execute(DriverCommandExecutor.java:171)
at org.openqa.selenium.remote.RemoteWebDriver.execute(RemoteWebDriver.java:531)
at org.openqa.selenium.remote.RemoteWebElement.execute(RemoteWebElement.java:242)
at org.openqa.selenium.remote.RemoteWebElement.click(RemoteWebElement.java:77)
at org.openqa.selenium.support.pagefactory.internal.LocatingElementHandler.invoke(LocatingElementHandler.java:51)
at jdk.proxy2/jdk.proxy2.$Proxy27.click(Unknown Source)
at PageObjectData.GreenCartData.clickIncrement_Btn(GreenCartData.java:73)
at Runfile.greenkartRun.CheckIncrementButton(greenkartRun.java:36)
at java.base/java.util.concurrent.ThreadPoolExecutor.runWorker(ThreadPoolExecutor.java:1136)
at java.base/java.util.concurrent.ThreadPoolExecutor$Worker.run(ThreadPoolExecutor.java:635)
at java.base/java.lang.Thread.run(Thread.java:833)
... Removed 21 stack frames]]>
    </failure>
  </testcase> <!-- CheckIncrementButton -->
  <testcase classname="Runfile.greenkartRun" name="ClickAddToCart" time="0.193"/>
  <testcase classname="Runfile.greenkartRun" name="GoToCartCheck" time="0.178"/>
  <testcase classname="Runfile.greenkartRun" name="CheckOutCheck" time="0.149"/>
  <testcase classname="Runfile.greenkartRun" name="PromoFieldCheck" time="0.708"/>
  <testcase classname="Runfile.greenkartRun" name="promocodeCheck" time="0.12"/>
  <testcase classname="Runfile.greenkartRun" name="PlaceorderCheck" time="0.139"/>
  <testcase classname="Runfile.greenkartRun" name="SelectCountryDropDown" time="3.368"/>
  <testcase classname="Runfile.greenkartRun" name="ClickCheckBtn" time="3.127"/>
  <testcase classname="Runfile.greenkartRun" name="FinalProceedBtn" time="5.116"/>
</testsuite> <!-- Test -->
